<?xml version="1.0" encoding="UTF-8"?>
<!-- Generated by org.testng.reporters.JUnitReportReporter -->
<testsuite skipped="0" hostname="DESKTOP-ISVI368" name="org.sample.Newparameters" tests="3" failures="0" timestamp="31 Oct 2022 05:35:58 GMT" time="166.991" errors="0">
  <testcase name="gamil" time="55.603" classname="org.sample.Newparameters"/>
  <testcase name="gamil" time="55.664" classname="org.sample.Newparameters"/>
  <testcase name="gamil" time="55.724" classname="org.sample.Newparameters"/>
</testsuite> <!-- org.sample.Newparameters -->
