<?xml version="1.0" encoding="UTF-8"?>
<!-- Generated by org.testng.reporters.JUnitReportReporter -->
<testsuite skipped="0" hostname="DESKTOP-ISVI368" name="testNG.Testngtask" tests="1" failures="0" timestamp="21 Nov 2022 13:02:35 GMT" time="19.198" errors="0">
  <testcase name="ngtest" time="19.198" classname="testNG.Testngtask"/>
</testsuite> <!-- testNG.Testngtask -->
